This is pdfTeX, Version 3.14159265-2.6-1.40.20 (TeX Live 2019) (preloaded format=pdflatex 2019.8.12)  6 DEC 2019 15:33
entering extended mode
 restricted \write18 enabled.
 %&-line parsing enabled.
**dokumentation
(./dokumentation.tex
LaTeX2e <2018-12-01>
(./ads/header.tex (/usr/local/texlive/2019/texmf-dist/tex/latex/nag/nag.sty
Package: nag 2011/11/25 0.7 warning about old commands (ulmi)
\c@nag@c=\count80
\c@nag@sins=\count81
Package nag Info: Loaded nag-l2tabu.cfg  on input line 552.

(/usr/local/texlive/2019/texmf-dist/tex/latex/nag/nag-l2tabu.cfg
File: nag-l2tabu.cfg 2010/05/17 v2.11 l2tabu rules for nag.sty (ulmi)
)
Package nag Info: Loaded nag-orthodox.cfg  on input line 552.

(/usr/local/texlive/2019/texmf-dist/tex/latex/nag/nag-orthodox.cfg
File: nag-orthodox.cfg 2006/04/19 v1.8 strict rules for nag.sty (ulmi)
))
(/usr/local/texlive/2019/texmf-dist/tex/latex/koma-script/scrreprt.cls
Document Class: scrreprt 2019/02/01 v3.26b KOMA-Script document class (report)
(/usr/local/texlive/2019/texmf-dist/tex/latex/koma-script/scrkbase.sty
Package: scrkbase 2019/02/01 v3.26b KOMA-Script package (KOMA-Script-dependent 
basics and keyval usage)

(/usr/local/texlive/2019/texmf-dist/tex/latex/koma-script/scrbase.sty
Package: scrbase 2019/02/01 v3.26b KOMA-Script package (KOMA-Script-independent
 basics and keyval usage)

(/usr/local/texlive/2019/texmf-dist/tex/latex/graphics/keyval.sty
Package: keyval 2014/10/28 v1.15 key=value parser (DPC)
\KV@toks@=\toks14
)
(/usr/local/texlive/2019/texmf-dist/tex/latex/koma-script/scrlfile.sty
Package: scrlfile 2019/02/01 v3.26b KOMA-Script package (loading files)
)))
(/usr/local/texlive/2019/texmf-dist/tex/latex/koma-script/tocbasic.sty
Package: tocbasic 2019/02/01 v3.26b KOMA-Script package (handling toc-files)
\scr@dte@tocline@numberwidth=\skip41
\scr@dte@tocline@numbox=\box27
)
Package tocbasic Info: omitting babel extension for `toc'
(tocbasic)             because of feature `nobabel' available
(tocbasic)             for `toc' on input line 136.
Class scrreprt Info: You've used standard option `oneside'.
(scrreprt)           This is correct!
(scrreprt)           Internally I'm using `twoside=false'.
(scrreprt)           If you'd like to set the option with \KOMAoptions,
(scrreprt)           you'd have to use `twoside=false' there
(scrreprt)           instead of `oneside', too.
Package scrreprt Info: You've used standard option `12pt'.
(scrreprt)             This is correct!
(scrreprt)             Internally I'm using `fontsize=12pt'.
(scrreprt)             If you'd like to set the option with \KOMAoptions,
(scrreprt)             you'd have to use `fontsize=12pt' there
(scrreprt)             instead of `12pt', too.
Class scrreprt Info: You've used standard option `abstracton'.
(scrreprt)           This is correct!
(scrreprt)           Internally I'm using `abstract=true'.
(scrreprt)           If you'd like to set the option with \KOMAoptions,
(scrreprt)           you'd have to use `abstract=true' there
(scrreprt)           instead of `abstracton', too.
Class scrreprt Info: File `scrsize12pt.clo' used to setup font sizes on input l
ine 2373.

(/usr/local/texlive/2019/texmf-dist/tex/latex/koma-script/scrsize12pt.clo
File: scrsize12pt.clo 2019/02/01 v3.26b KOMA-Script font size class option (12p
t)
)
(/usr/local/texlive/2019/texmf-dist/tex/latex/koma-script/typearea.sty
Package: typearea 2019/02/01 v3.26b KOMA-Script package (type area)
\ta@bcor=\skip42
\ta@div=\count82
Package typearea Info: You've used standard option `pdftex'.
(typearea)             This is correct!
(typearea)             Internally I'm using `pagesize=pdftex'.
(typearea)             If you'd like to set the option with \KOMAoptions,
(typearea)             you'd have to use `pagesize=pdftex' there
(typearea)             instead of `pdftex', too.
Package typearea Info: You've used standard option `oneside'.
(typearea)             This is correct!
(typearea)             Internally I'm using `twoside=false'.
(typearea)             If you'd like to set the option with \KOMAoptions,
(typearea)             you'd have to use `twoside=false' there
(typearea)             instead of `oneside', too.
\ta@hblk=\skip43
\ta@vblk=\skip44
\ta@temp=\skip45
\footheight=\skip46

DIV calculation for typearea with good linewidth.
Package typearea Info: These are the values describing the layout:
(typearea)             DIV  = 9
(typearea)             BCOR = 22.76219pt
(typearea)             \paperwidth      = 597.50793pt
(typearea)              \textwidth      = 383.16386pt
(typearea)              DIV departure   = 1%
(typearea)              \evensidemargin = 46.28314pt
(typearea)              \oddsidemargin  = 46.28314pt
(typearea)             \paperheight     = 845.04694pt
(typearea)              \textheight     = 577.5pt
(typearea)              \topmargin      = -12.12589pt
(typearea)              \headheight     = 12.0pt
(typearea)              \headsep        = 21.75pt
(typearea)              \topskip        = 12.0pt
(typearea)              \footskip       = 48.625pt
(typearea)              \baselineskip   = 14.5pt
(typearea)              on input line 1715.
)
\c@part=\count83
\c@chapter=\count84
\c@section=\count85
\c@subsection=\count86
\c@subsubsection=\count87
\c@paragraph=\count88
\c@subparagraph=\count89
\scr@dte@chapter@maxnumwidth=\skip47
Class scrreprt Info: using compatibility default `afterindent=bysign'
(scrreprt)           for `\chapter on input line 5305.
\scr@dte@section@maxnumwidth=\skip48
Class scrreprt Info: using compatibility default `runin=bysign'
(scrreprt)           for `\section on input line 5315.
Class scrreprt Info: using compatibility default `afterindent=bysign'
(scrreprt)           for `\section on input line 5315.
\scr@dte@part@maxnumwidth=\skip49
Class scrreprt Info: using compatibility default `afterindent=true'
(scrreprt)           for `\part on input line 5324.
\scr@dte@subsection@maxnumwidth=\skip50
Class scrreprt Info: using compatibility default `runin=bysign'
(scrreprt)           for `\subsection on input line 5334.
Class scrreprt Info: using compatibility default `afterindent=bysign'
(scrreprt)           for `\subsection on input line 5334.
\scr@dte@subsubsection@maxnumwidth=\skip51
Class scrreprt Info: using compatibility default `runin=bysign'
(scrreprt)           for `\subsubsection on input line 5344.
Class scrreprt Info: using compatibility default `afterindent=bysign'
(scrreprt)           for `\subsubsection on input line 5344.
\scr@dte@paragraph@maxnumwidth=\skip52
Class scrreprt Info: using compatibility default `runin=bysign'
(scrreprt)           for `\paragraph on input line 5354.
Class scrreprt Info: using compatibility default `afterindent=bysign'
(scrreprt)           for `\paragraph on input line 5354.
\scr@dte@subparagraph@maxnumwidth=\skip53
Class scrreprt Info: using compatibility default `runin=bysign'
(scrreprt)           for `\subparagraph on input line 5364.
Class scrreprt Info: using compatibility default `afterindent=bysign'
(scrreprt)           for `\subparagraph on input line 5364.
\abovecaptionskip=\skip54
\belowcaptionskip=\skip55
\c@pti@nb@sid@b@x=\box28
Package tocbasic Info: omitting babel extension for `lof'
(tocbasic)             because of feature `nobabel' available
(tocbasic)             for `lof' on input line 6613.
\scr@dte@figure@maxnumwidth=\skip56
\c@figure=\count90
Package tocbasic Info: omitting babel extension for `lot'
(tocbasic)             because of feature `nobabel' available
(tocbasic)             for `lot' on input line 6630.
\scr@dte@table@maxnumwidth=\skip57
\c@table=\count91
Class scrreprt Info: Redefining `\numberline' on input line 6799.
\bibindent=\dimen102
) (/usr/local/texlive/2019/texmf-dist/tex/generic/xstring/xstring.sty
(/usr/local/texlive/2019/texmf-dist/tex/generic/xstring/xstring.tex
\integerpart=\count92
\decimalpart=\count93
)
Package: xstring 2019/02/06 v1.83 String manipulations (CT)
)
(/usr/local/texlive/2019/texmf-dist/tex/latex/base/inputenc.sty
Package: inputenc 2018/08/11 v1.3c Input encoding file
\inpenc@prehook=\toks15
\inpenc@posthook=\toks16
)
(/usr/local/texlive/2019/texmf-dist/tex/latex/base/fontenc.sty
Package: fontenc 2018/08/11 v2.0j Standard LaTeX package

(/usr/local/texlive/2019/texmf-dist/tex/latex/base/t1enc.def
File: t1enc.def 2018/08/11 v2.0j Standard LaTeX file
LaTeX Font Info:    Redeclaring font encoding T1 on input line 48.
))
(./ads/einstellungen_liste.tex) (./einstellungen.tex) (./lang/strings.tex)
(./lang/de.tex) (/usr/local/texlive/2019/texmf-dist/tex/generic/babel/babel.sty
Package: babel 2019/05/04 3.31 The Babel package
(/usr/local/texlive/2019/texmf-dist/tex/generic/babel/switch.def
File: switch.def 2019/05/04 3.31 Babel switching mechanism
)
(/usr/local/texlive/2019/texmf-dist/tex/generic/babel-english/english.ldf
Language: english 2017/06/06 v3.3r English support from the babel system

(/usr/local/texlive/2019/texmf-dist/tex/generic/babel/babel.def
File: babel.def 2019/05/04 3.31 Babel common definitions
\babel@savecnt=\count94
\U@D=\dimen103

(/usr/local/texlive/2019/texmf-dist/tex/generic/babel/txtbabel.def)
\bbl@dirlevel=\count95
)
\l@canadian = a dialect from \language\l@american 
\l@australian = a dialect from \language\l@british 
\l@newzealand = a dialect from \language\l@british 
)
(/usr/local/texlive/2019/texmf-dist/tex/generic/babel-german/ngerman.ldf
Language: ngerman 2018/12/08 v2.11 German support for babel (post-1996 orthogra
phy)

(/usr/local/texlive/2019/texmf-dist/tex/generic/babel-german/ngermanb.ldf
Language: ngermanb 2018/12/08 v2.11 German support for babel (post-1996 orthogr
aphy)
Package babel Info: Making " an active character on input line 121.
)))
(/usr/local/texlive/2019/texmf-dist/tex/latex/geometry/geometry.sty
Package: geometry 2018/04/16 v5.8 Page Geometry

(/usr/local/texlive/2019/texmf-dist/tex/generic/oberdiek/ifpdf.sty
Package: ifpdf 2018/09/07 v3.3 Provides the ifpdf switch
)
(/usr/local/texlive/2019/texmf-dist/tex/generic/oberdiek/ifvtex.sty
Package: ifvtex 2016/05/16 v1.6 Detect VTeX and its facilities (HO)
Package ifvtex Info: VTeX not detected.
)
(/usr/local/texlive/2019/texmf-dist/tex/generic/ifxetex/ifxetex.sty
Package: ifxetex 2010/09/12 v0.6 Provides ifxetex conditional
)
\Gm@cnth=\count96
\Gm@cntv=\count97
\c@Gm@tempcnt=\count98
\Gm@bindingoffset=\dimen104
\Gm@wd@mp=\dimen105
\Gm@odd@mp=\dimen106
\Gm@even@mp=\dimen107
\Gm@layoutwidth=\dimen108
\Gm@layoutheight=\dimen109
\Gm@layouthoffset=\dimen110
\Gm@layoutvoffset=\dimen111
\Gm@dimlist=\toks17
)
(/usr/local/texlive/2019/texmf-dist/tex/latex/microtype/microtype.sty
Package: microtype 2019/02/28 v2.7b Micro-typographical refinements (RS)
\MT@toks=\toks18
\MT@count=\count99
LaTeX Info: Redefining \textls on input line 790.
\MT@outer@kern=\dimen112
LaTeX Info: Redefining \textmicrotypecontext on input line 1336.
\MT@listname@count=\count100

(/usr/local/texlive/2019/texmf-dist/tex/latex/microtype/microtype-pdftex.def
File: microtype-pdftex.def 2019/02/28 v2.7b Definitions specific to pdftex (RS)

LaTeX Info: Redefining \lsstyle on input line 914.
LaTeX Info: Redefining \lslig on input line 914.
\MT@outer@space=\skip58
)
Package microtype Info: Loading configuration file microtype.cfg.

(/usr/local/texlive/2019/texmf-dist/tex/latex/microtype/microtype.cfg
File: microtype.cfg 2019/02/28 v2.7b microtype main configuration file (RS)
))
(/usr/local/texlive/2019/texmf-dist/tex/latex/setspace/setspace.sty
Package: setspace 2011/12/19 v6.7a set line spacing
)
(/usr/local/texlive/2019/texmf-dist/tex/latex/base/makeidx.sty
Package: makeidx 2014/09/29 v1.0m Standard LaTeX package
)
(/usr/local/texlive/2019/texmf-dist/tex/latex/csquotes/csquotes.sty
Package: csquotes 2018/04/13 v5.2d context-sensitive quotations (JAW)

(/usr/local/texlive/2019/texmf-dist/tex/latex/etoolbox/etoolbox.sty
Package: etoolbox 2018/08/19 v2.5f e-TeX tools for LaTeX (JAW)
\etb@tempcnta=\count101
)
\csq@reset=\count102
\csq@gtype=\count103
\csq@glevel=\count104
\csq@qlevel=\count105
\csq@maxlvl=\count106
\csq@tshold=\count107
\csq@ltx@everypar=\toks19

(/usr/local/texlive/2019/texmf-dist/tex/latex/csquotes/csquotes.def
File: csquotes.def 2018/04/13 v5.2d csquotes generic definitions (JAW)
)
Package csquotes Info: Trying to load configuration file 'csquotes.cfg'...
Package csquotes Info: ... configuration file loaded successfully.

(/usr/local/texlive/2019/texmf-dist/tex/latex/csquotes/csquotes.cfg
File: csquotes.cfg 
)
Package csquotes Info: Enabling multilingual quotes.
Package csquotes Info: Redefining alias 'german' -> 'german/quotes'.
)
(/usr/local/texlive/2019/texmf-dist/tex/latex/tools/longtable.sty
Package: longtable 2014/10/28 v4.11 Multi-page Table package (DPC)+ FMi change
\LTleft=\skip59
\LTright=\skip60
\LTpre=\skip61
\LTpost=\skip62
\LTchunksize=\count108
\LTcapwidth=\dimen113
\LT@head=\box29
\LT@firsthead=\box30
\LT@foot=\box31
\LT@lastfoot=\box32
\LT@cols=\count109
\LT@rows=\count110
\c@LT@tables=\count111
\c@LT@chunks=\count112
\LT@p@ftn=\toks20
)
Class scrreprt Info: longtable captions redefined on input line 59.

(/usr/local/texlive/2019/texmf-dist/tex/latex/enumitem/enumitem.sty
Package: enumitem 2019/02/04 v3.8 Customized lists
\labelindent=\skip63
\enit@outerparindent=\dimen114
\enit@toks=\toks21
\enit@inbox=\box33
\enit@count@id=\count113
\enitdp@description=\count114
)
(/usr/local/texlive/2019/texmf-dist/tex/latex/graphics/graphicx.sty
Package: graphicx 2017/06/01 v1.1a Enhanced LaTeX Graphics (DPC,SPQR)

(/usr/local/texlive/2019/texmf-dist/tex/latex/graphics/graphics.sty
Package: graphics 2017/06/25 v1.2c Standard LaTeX Graphics (DPC,SPQR)

(/usr/local/texlive/2019/texmf-dist/tex/latex/graphics/trig.sty
Package: trig 2016/01/03 v1.10 sin cos tan (DPC)
)
(/usr/local/texlive/2019/texmf-dist/tex/latex/graphics-cfg/graphics.cfg
File: graphics.cfg 2016/06/04 v1.11 sample graphics configuration
)
Package graphics Info: Driver file: pdftex.def on input line 99.

(/usr/local/texlive/2019/texmf-dist/tex/latex/graphics-def/pdftex.def
File: pdftex.def 2018/01/08 v1.0l Graphics/color driver for pdftex
))
\Gin@req@height=\dimen115
\Gin@req@width=\dimen116
)
(/usr/local/texlive/2019/texmf-dist/tex/latex/pdfpages/pdfpages.sty
Package: pdfpages 2017/10/31 v0.5l Insert pages of external PDF documents (AM)

(/usr/local/texlive/2019/texmf-dist/tex/latex/base/ifthen.sty
Package: ifthen 2014/09/29 v1.1c Standard LaTeX ifthen package (DPC)
)
(/usr/local/texlive/2019/texmf-dist/tex/latex/tools/calc.sty
Package: calc 2017/05/25 v4.3 Infix arithmetic (KKT,FJ)
\calc@Acount=\count115
\calc@Bcount=\count116
\calc@Adimen=\dimen117
\calc@Bdimen=\dimen118
\calc@Askip=\skip64
\calc@Bskip=\skip65
LaTeX Info: Redefining \setlength on input line 80.
LaTeX Info: Redefining \addtolength on input line 81.
\calc@Ccount=\count117
\calc@Cskip=\skip66
)
(/usr/local/texlive/2019/texmf-dist/tex/latex/eso-pic/eso-pic.sty
Package: eso-pic 2018/04/12 v2.0h eso-pic (RN)

(/usr/local/texlive/2019/texmf-dist/tex/generic/oberdiek/atbegshi.sty
Package: atbegshi 2016/06/09 v1.18 At begin shipout hook (HO)

(/usr/local/texlive/2019/texmf-dist/tex/generic/oberdiek/infwarerr.sty
Package: infwarerr 2016/05/16 v1.4 Providing info/warning/error messages (HO)
)
(/usr/local/texlive/2019/texmf-dist/tex/generic/oberdiek/ltxcmds.sty
Package: ltxcmds 2016/05/16 v1.23 LaTeX kernel commands for general use (HO)
))
(/usr/local/texlive/2019/texmf-dist/tex/latex/xcolor/xcolor.sty
Package: xcolor 2016/05/11 v2.12 LaTeX color extensions (UK)

(/usr/local/texlive/2019/texmf-dist/tex/latex/graphics-cfg/color.cfg
File: color.cfg 2016/01/02 v1.6 sample color configuration
)
Package xcolor Info: Driver file: pdftex.def on input line 225.
Package xcolor Info: Model `cmy' substituted by `cmy0' on input line 1348.
Package xcolor Info: Model `hsb' substituted by `rgb' on input line 1352.
Package xcolor Info: Model `RGB' extended on input line 1364.
Package xcolor Info: Model `HTML' substituted by `rgb' on input line 1366.
Package xcolor Info: Model `Hsb' substituted by `hsb' on input line 1367.
Package xcolor Info: Model `tHsb' substituted by `hsb' on input line 1368.
Package xcolor Info: Model `HSB' substituted by `hsb' on input line 1369.
Package xcolor Info: Model `Gray' substituted by `gray' on input line 1370.
Package xcolor Info: Model `wave' substituted by `hsb' on input line 1371.
))
\AM@pagewidth=\dimen119
\AM@pageheight=\dimen120

(/usr/local/texlive/2019/texmf-dist/tex/latex/pdfpages/pppdftex.def
File: pppdftex.def 2017/10/31 v0.5l Pdfpages driver for pdfTeX (AM)
)
\AM@pagebox=\box34
\AM@global@opts=\toks22
\AM@toc@title=\toks23
\c@AM@survey=\count118
\AM@templatesizebox=\box35
)
(/usr/local/texlive/2019/texmf-dist/tex/latex/float/float.sty
Package: float 2001/11/08 v1.3d Float enhancements (AL)
\c@float@type=\count119
\float@exts=\toks24
\float@box=\box36
\@float@everytoks=\toks25
\@floatcapt=\box37
)
(/usr/local/texlive/2019/texmf-dist/tex/latex/tools/array.sty
Package: array 2018/12/30 v2.4k Tabular extension package (FMi)
\col@sep=\dimen121
\ar@mcellbox=\box38
\extrarowheight=\dimen122
\NC@list=\toks26
\extratabsurround=\skip67
\backup@length=\skip68
\ar@cellbox=\box39
)
(/usr/local/texlive/2019/texmf-dist/tex/latex/eurosym/eurosym.sty
Package: eurosym 1998/08/06 v1.1 European currency symbol ``Euro''
\@eurobox=\box40
)
(/usr/local/texlive/2019/texmf-dist/tex/latex/wrapfig/wrapfig.sty
\wrapoverhang=\dimen123
\WF@size=\dimen124
\c@WF@wrappedlines=\count120
\WF@box=\box41
\WF@everypar=\toks27
Package: wrapfig 2003/01/31  v 3.6
)
(/usr/local/texlive/2019/texmf-dist/tex/latex/pgf/utilities/pgffor.sty
(/usr/local/texlive/2019/texmf-dist/tex/latex/pgf/utilities/pgfrcs.sty
(/usr/local/texlive/2019/texmf-dist/tex/generic/pgf/utilities/pgfutil-common.te
x
\pgfutil@everybye=\toks28
\pgfutil@tempdima=\dimen125
\pgfutil@tempdimb=\dimen126

(/usr/local/texlive/2019/texmf-dist/tex/generic/pgf/utilities/pgfutil-common-li
sts.tex))
(/usr/local/texlive/2019/texmf-dist/tex/generic/pgf/utilities/pgfutil-latex.def
\pgfutil@abb=\box42
(/usr/local/texlive/2019/texmf-dist/tex/latex/ms/everyshi.sty
Package: everyshi 2001/05/15 v3.00 EveryShipout Package (MS)
))
(/usr/local/texlive/2019/texmf-dist/tex/generic/pgf/utilities/pgfrcs.code.tex
(/usr/local/texlive/2019/texmf-dist/tex/generic/pgf/pgf.revision.tex)
Package: pgfrcs 2019/04/04 v3.1.2 (3.1.2)
))
(/usr/local/texlive/2019/texmf-dist/tex/latex/pgf/utilities/pgfkeys.sty
(/usr/local/texlive/2019/texmf-dist/tex/generic/pgf/utilities/pgfkeys.code.tex
\pgfkeys@pathtoks=\toks29
\pgfkeys@temptoks=\toks30

(/usr/local/texlive/2019/texmf-dist/tex/generic/pgf/utilities/pgfkeysfiltered.c
ode.tex
\pgfkeys@tmptoks=\toks31
))) (/usr/local/texlive/2019/texmf-dist/tex/latex/pgf/math/pgfmath.sty
(/usr/local/texlive/2019/texmf-dist/tex/generic/pgf/math/pgfmath.code.tex
(/usr/local/texlive/2019/texmf-dist/tex/generic/pgf/math/pgfmathcalc.code.tex
(/usr/local/texlive/2019/texmf-dist/tex/generic/pgf/math/pgfmathutil.code.tex
\pgf@x=\dimen127
\pgf@xa=\dimen128
\pgf@xb=\dimen129
\pgf@xc=\dimen130
\pgf@y=\dimen131
\pgf@ya=\dimen132
\pgf@yb=\dimen133
\pgf@yc=\dimen134
\c@pgf@counta=\count121
\c@pgf@countb=\count122
\c@pgf@countc=\count123
\c@pgf@countd=\count124
)
(/usr/local/texlive/2019/texmf-dist/tex/generic/pgf/math/pgfmathparser.code.tex
\pgfmath@dimen=\dimen135
\pgfmath@count=\count125
\pgfmath@box=\box43
\pgfmath@toks=\toks32
\pgfmath@stack@operand=\toks33
\pgfmath@stack@operation=\toks34
)
(/usr/local/texlive/2019/texmf-dist/tex/generic/pgf/math/pgfmathfunctions.code.
tex
(/usr/local/texlive/2019/texmf-dist/tex/generic/pgf/math/pgfmathfunctions.basic
.code.tex)
(/usr/local/texlive/2019/texmf-dist/tex/generic/pgf/math/pgfmathfunctions.trigo
nometric.code.tex)
(/usr/local/texlive/2019/texmf-dist/tex/generic/pgf/math/pgfmathfunctions.rando
m.code.tex)
(/usr/local/texlive/2019/texmf-dist/tex/generic/pgf/math/pgfmathfunctions.compa
rison.code.tex)
(/usr/local/texlive/2019/texmf-dist/tex/generic/pgf/math/pgfmathfunctions.base.
code.tex)
(/usr/local/texlive/2019/texmf-dist/tex/generic/pgf/math/pgfmathfunctions.round
.code.tex)
(/usr/local/texlive/2019/texmf-dist/tex/generic/pgf/math/pgfmathfunctions.misc.
code.tex)
(/usr/local/texlive/2019/texmf-dist/tex/generic/pgf/math/pgfmathfunctions.integ
erarithmetics.code.tex)))
(/usr/local/texlive/2019/texmf-dist/tex/generic/pgf/math/pgfmathfloat.code.tex
\c@pgfmathroundto@lastzeros=\count126
)))
(/usr/local/texlive/2019/texmf-dist/tex/generic/pgf/utilities/pgffor.code.tex
Package: pgffor 2019/04/04 v3.1.2 (3.1.2)

(/usr/local/texlive/2019/texmf-dist/tex/generic/pgf/math/pgfmath.code.tex)
\pgffor@iter=\dimen136
\pgffor@skip=\dimen137
\pgffor@stack=\toks35
\pgffor@toks=\toks36
))
(/usr/local/texlive/2019/texmf-dist/tex/latex/footmisc/footmisc.sty
Package: footmisc 2011/06/06 v5.5b a miscellany of footnote facilities
\FN@temptoken=\toks37
\footnotemargin=\dimen138
\c@pp@next@reset=\count127
\c@@fnserial=\count128
Package footmisc Info: Declaring symbol style bringhurst on input line 855.
Package footmisc Info: Declaring symbol style chicago on input line 863.
Package footmisc Info: Declaring symbol style wiley on input line 872.
Package footmisc Info: Declaring symbol style lamport-robust on input line 883.

Package footmisc Info: Declaring symbol style lamport* on input line 903.
Package footmisc Info: Declaring symbol style lamport*-robust on input line 924
.
)
(/usr/local/texlive/2019/texmf-dist/tex/latex/acronym/acronym.sty
Package: acronym 2015/03/21 v1.41 Support for acronyms (Tobias Oetiker)

(/usr/local/texlive/2019/texmf-dist/tex/latex/bigfoot/suffix.sty
Package: suffix 2006/07/15 1.5a Variant command support
)
\AC@clearlist=\toks38
)
(/usr/local/texlive/2019/texmf-dist/tex/latex/listings/listings.sty
\lst@mode=\count129
\lst@gtempboxa=\box44
\lst@token=\toks39
\lst@length=\count130
\lst@currlwidth=\dimen139
\lst@column=\count131
\lst@pos=\count132
\lst@lostspace=\dimen140
\lst@width=\dimen141
\lst@newlines=\count133
\lst@lineno=\count134
\lst@maxwidth=\dimen142

(/usr/local/texlive/2019/texmf-dist/tex/latex/listings/lstmisc.sty
File: lstmisc.sty 2019/02/27 1.8b (Carsten Heinz)
\c@lstnumber=\count135
\lst@skipnumbers=\count136
\lst@framebox=\box45
)
(/usr/local/texlive/2019/texmf-dist/tex/latex/listings/listings.cfg
File: listings.cfg 2019/02/27 1.8b listings configuration
))
Package: listings 2019/02/27 1.8b (Carsten Heinz)

(/usr/local/texlive/2019/texmf-dist/tex/latex/todonotes/todonotes.sty
Package: todonotes 2019/01/24 v1.1.2 Todonotes source and documentation.
Package: todonotes 2018/11/22

(/usr/local/texlive/2019/texmf-dist/tex/latex/xkeyval/xkeyval.sty
Package: xkeyval 2014/12/03 v2.7a package option processing (HA)

(/usr/local/texlive/2019/texmf-dist/tex/generic/xkeyval/xkeyval.tex
(/usr/local/texlive/2019/texmf-dist/tex/generic/xkeyval/xkvutils.tex
\XKV@toks=\toks40
\XKV@tempa@toks=\toks41
)
\XKV@depth=\count137
File: xkeyval.tex 2014/12/03 v2.7a key=value parser (HA)
))
(/usr/local/texlive/2019/texmf-dist/tex/latex/pgf/frontendlayer/tikz.sty
(/usr/local/texlive/2019/texmf-dist/tex/latex/pgf/basiclayer/pgf.sty
Package: pgf 2019/04/04 v3.1.2 (3.1.2)

(/usr/local/texlive/2019/texmf-dist/tex/latex/pgf/basiclayer/pgfcore.sty
(/usr/local/texlive/2019/texmf-dist/tex/latex/pgf/systemlayer/pgfsys.sty
(/usr/local/texlive/2019/texmf-dist/tex/generic/pgf/systemlayer/pgfsys.code.tex
Package: pgfsys 2019/04/04 v3.1.2 (3.1.2)
(/usr/local/texlive/2019/texmf-dist/tex/generic/pgf/utilities/pgfkeys.code.tex)
\pgf@x=\dimen143
\pgf@y=\dimen144
\pgf@xa=\dimen145
\pgf@ya=\dimen146
\pgf@xb=\dimen147
\pgf@yb=\dimen148
\pgf@xc=\dimen149
\pgf@yc=\dimen150
\w@pgf@writea=\write3
\r@pgf@reada=\read1
\c@pgf@counta=\count138
\c@pgf@countb=\count139
\c@pgf@countc=\count140
\c@pgf@countd=\count141
\t@pgf@toka=\toks42
\t@pgf@tokb=\toks43
\t@pgf@tokc=\toks44
\pgf@sys@id@count=\count142
(/usr/local/texlive/2019/texmf-dist/tex/generic/pgf/systemlayer/pgf.cfg
File: pgf.cfg 2019/04/04 v3.1.2 (3.1.2)
)
Driver file for pgf: pgfsys-pdftex.def

(/usr/local/texlive/2019/texmf-dist/tex/generic/pgf/systemlayer/pgfsys-pdftex.d
ef
File: pgfsys-pdftex.def 2019/04/04 v3.1.2 (3.1.2)

(/usr/local/texlive/2019/texmf-dist/tex/generic/pgf/systemlayer/pgfsys-common-p
df.def
File: pgfsys-common-pdf.def 2019/04/04 v3.1.2 (3.1.2)
)))
(/usr/local/texlive/2019/texmf-dist/tex/generic/pgf/systemlayer/pgfsyssoftpath.
code.tex
File: pgfsyssoftpath.code.tex 2019/04/04 v3.1.2 (3.1.2)
\pgfsyssoftpath@smallbuffer@items=\count143
\pgfsyssoftpath@bigbuffer@items=\count144
)
(/usr/local/texlive/2019/texmf-dist/tex/generic/pgf/systemlayer/pgfsysprotocol.
code.tex
File: pgfsysprotocol.code.tex 2019/04/04 v3.1.2 (3.1.2)
))
(/usr/local/texlive/2019/texmf-dist/tex/generic/pgf/basiclayer/pgfcore.code.tex
Package: pgfcore 2019/04/04 v3.1.2 (3.1.2)
(/usr/local/texlive/2019/texmf-dist/tex/generic/pgf/math/pgfmath.code.tex)
(/usr/local/texlive/2019/texmf-dist/tex/generic/pgf/basiclayer/pgfcorepoints.co
de.tex
File: pgfcorepoints.code.tex 2019/04/04 v3.1.2 (3.1.2)
\pgf@picminx=\dimen151
\pgf@picmaxx=\dimen152
\pgf@picminy=\dimen153
\pgf@picmaxy=\dimen154
\pgf@pathminx=\dimen155
\pgf@pathmaxx=\dimen156
\pgf@pathminy=\dimen157
\pgf@pathmaxy=\dimen158
\pgf@xx=\dimen159
\pgf@xy=\dimen160
\pgf@yx=\dimen161
\pgf@yy=\dimen162
\pgf@zx=\dimen163
\pgf@zy=\dimen164
)
(/usr/local/texlive/2019/texmf-dist/tex/generic/pgf/basiclayer/pgfcorepathconst
ruct.code.tex
File: pgfcorepathconstruct.code.tex 2019/04/04 v3.1.2 (3.1.2)
\pgf@path@lastx=\dimen165
\pgf@path@lasty=\dimen166
)
(/usr/local/texlive/2019/texmf-dist/tex/generic/pgf/basiclayer/pgfcorepathusage
.code.tex
File: pgfcorepathusage.code.tex 2019/04/04 v3.1.2 (3.1.2)
\pgf@shorten@end@additional=\dimen167
\pgf@shorten@start@additional=\dimen168
)
(/usr/local/texlive/2019/texmf-dist/tex/generic/pgf/basiclayer/pgfcorescopes.co
de.tex
File: pgfcorescopes.code.tex 2019/04/04 v3.1.2 (3.1.2)
\pgfpic=\box46
\pgf@hbox=\box47
\pgf@layerbox@main=\box48
\pgf@picture@serial@count=\count145
)
(/usr/local/texlive/2019/texmf-dist/tex/generic/pgf/basiclayer/pgfcoregraphicst
ate.code.tex
File: pgfcoregraphicstate.code.tex 2019/04/04 v3.1.2 (3.1.2)
\pgflinewidth=\dimen169
)
(/usr/local/texlive/2019/texmf-dist/tex/generic/pgf/basiclayer/pgfcoretransform
ations.code.tex
File: pgfcoretransformations.code.tex 2019/04/04 v3.1.2 (3.1.2)
\pgf@pt@x=\dimen170
\pgf@pt@y=\dimen171
\pgf@pt@temp=\dimen172
)
(/usr/local/texlive/2019/texmf-dist/tex/generic/pgf/basiclayer/pgfcorequick.cod
e.tex
File: pgfcorequick.code.tex 2019/04/04 v3.1.2 (3.1.2)
)
(/usr/local/texlive/2019/texmf-dist/tex/generic/pgf/basiclayer/pgfcoreobjects.c
ode.tex
File: pgfcoreobjects.code.tex 2019/04/04 v3.1.2 (3.1.2)
)
(/usr/local/texlive/2019/texmf-dist/tex/generic/pgf/basiclayer/pgfcorepathproce
ssing.code.tex
File: pgfcorepathprocessing.code.tex 2019/04/04 v3.1.2 (3.1.2)
)
(/usr/local/texlive/2019/texmf-dist/tex/generic/pgf/basiclayer/pgfcorearrows.co
de.tex
File: pgfcorearrows.code.tex 2019/04/04 v3.1.2 (3.1.2)
\pgfarrowsep=\dimen173
)
(/usr/local/texlive/2019/texmf-dist/tex/generic/pgf/basiclayer/pgfcoreshade.cod
e.tex
File: pgfcoreshade.code.tex 2019/04/04 v3.1.2 (3.1.2)
\pgf@max=\dimen174
\pgf@sys@shading@range@num=\count146
\pgf@shadingcount=\count147
)
(/usr/local/texlive/2019/texmf-dist/tex/generic/pgf/basiclayer/pgfcoreimage.cod
e.tex
File: pgfcoreimage.code.tex 2019/04/04 v3.1.2 (3.1.2)

(/usr/local/texlive/2019/texmf-dist/tex/generic/pgf/basiclayer/pgfcoreexternal.
code.tex
File: pgfcoreexternal.code.tex 2019/04/04 v3.1.2 (3.1.2)
\pgfexternal@startupbox=\box49
))
(/usr/local/texlive/2019/texmf-dist/tex/generic/pgf/basiclayer/pgfcorelayers.co
de.tex
File: pgfcorelayers.code.tex 2019/04/04 v3.1.2 (3.1.2)
)
(/usr/local/texlive/2019/texmf-dist/tex/generic/pgf/basiclayer/pgfcoretranspare
ncy.code.tex
File: pgfcoretransparency.code.tex 2019/04/04 v3.1.2 (3.1.2)
)
(/usr/local/texlive/2019/texmf-dist/tex/generic/pgf/basiclayer/pgfcorepatterns.
code.tex
File: pgfcorepatterns.code.tex 2019/04/04 v3.1.2 (3.1.2)
)
(/usr/local/texlive/2019/texmf-dist/tex/generic/pgf/basiclayer/pgfcorerdf.code.
tex
File: pgfcorerdf.code.tex 2019/04/04 v3.1.2 (3.1.2)
)))
(/usr/local/texlive/2019/texmf-dist/tex/generic/pgf/modules/pgfmoduleshapes.cod
e.tex
File: pgfmoduleshapes.code.tex 2019/04/04 v3.1.2 (3.1.2)
\pgfnodeparttextbox=\box50
)
(/usr/local/texlive/2019/texmf-dist/tex/generic/pgf/modules/pgfmoduleplot.code.
tex
File: pgfmoduleplot.code.tex 2019/04/04 v3.1.2 (3.1.2)
)
(/usr/local/texlive/2019/texmf-dist/tex/latex/pgf/compatibility/pgfcomp-version
-0-65.sty
Package: pgfcomp-version-0-65 2019/04/04 v3.1.2 (3.1.2)
\pgf@nodesepstart=\dimen175
\pgf@nodesepend=\dimen176
)
(/usr/local/texlive/2019/texmf-dist/tex/latex/pgf/compatibility/pgfcomp-version
-1-18.sty
Package: pgfcomp-version-1-18 2019/04/04 v3.1.2 (3.1.2)
))
(/usr/local/texlive/2019/texmf-dist/tex/generic/pgf/frontendlayer/tikz/tikz.cod
e.tex
Package: tikz 2019/04/04 v3.1.2 (3.1.2)

(/usr/local/texlive/2019/texmf-dist/tex/generic/pgf/libraries/pgflibraryplothan
dlers.code.tex
File: pgflibraryplothandlers.code.tex 2019/04/04 v3.1.2 (3.1.2)
\pgf@plot@mark@count=\count148
\pgfplotmarksize=\dimen177
)
\tikz@lastx=\dimen178
\tikz@lasty=\dimen179
\tikz@lastxsaved=\dimen180
\tikz@lastysaved=\dimen181
\tikzleveldistance=\dimen182
\tikzsiblingdistance=\dimen183
\tikz@figbox=\box51
\tikz@figbox@bg=\box52
\tikz@tempbox=\box53
\tikz@tempbox@bg=\box54
\tikztreelevel=\count149
\tikznumberofchildren=\count150
\tikznumberofcurrentchild=\count151
\tikz@fig@count=\count152

(/usr/local/texlive/2019/texmf-dist/tex/generic/pgf/modules/pgfmodulematrix.cod
e.tex
File: pgfmodulematrix.code.tex 2019/04/04 v3.1.2 (3.1.2)
\pgfmatrixcurrentrow=\count153
\pgfmatrixcurrentcolumn=\count154
\pgf@matrix@numberofcolumns=\count155
)
\tikz@expandcount=\count156

(/usr/local/texlive/2019/texmf-dist/tex/generic/pgf/frontendlayer/tikz/librarie
s/tikzlibrarytopaths.code.tex
File: tikzlibrarytopaths.code.tex 2019/04/04 v3.1.2 (3.1.2)
)))
(/usr/local/texlive/2019/texmf-dist/tex/generic/pgf/frontendlayer/tikz/librarie
s/tikzlibrarypositioning.code.tex
File: tikzlibrarypositioning.code.tex 2019/04/04 v3.1.2 (3.1.2)
)
(/usr/local/texlive/2019/texmf-dist/tex/generic/pgf/frontendlayer/tikz/librarie
s/tikzlibraryshadows.code.tex
File: tikzlibraryshadows.code.tex 2019/04/04 v3.1.2 (3.1.2)

(/usr/local/texlive/2019/texmf-dist/tex/generic/pgf/frontendlayer/tikz/librarie
s/tikzlibraryfadings.code.tex
File: tikzlibraryfadings.code.tex 2019/04/04 v3.1.2 (3.1.2)

(/usr/local/texlive/2019/texmf-dist/tex/generic/pgf/libraries/pgflibraryfadings
.code.tex
File: pgflibraryfadings.code.tex 2019/04/04 v3.1.2 (3.1.2)
)))
\c@@todonotes@numberoftodonotes=\count157
) (/usr/local/texlive/2019/texmf-dist/tex/latex/lm/lmodern.sty
Package: lmodern 2009/10/30 v1.6 Latin Modern Fonts
LaTeX Font Info:    Overwriting symbol font `operators' in version `normal'
(Font)                  OT1/cmr/m/n --> OT1/lmr/m/n on input line 22.
LaTeX Font Info:    Overwriting symbol font `letters' in version `normal'
(Font)                  OML/cmm/m/it --> OML/lmm/m/it on input line 23.
LaTeX Font Info:    Overwriting symbol font `symbols' in version `normal'
(Font)                  OMS/cmsy/m/n --> OMS/lmsy/m/n on input line 24.
LaTeX Font Info:    Overwriting symbol font `largesymbols' in version `normal'
(Font)                  OMX/cmex/m/n --> OMX/lmex/m/n on input line 25.
LaTeX Font Info:    Overwriting symbol font `operators' in version `bold'
(Font)                  OT1/cmr/bx/n --> OT1/lmr/bx/n on input line 26.
LaTeX Font Info:    Overwriting symbol font `letters' in version `bold'
(Font)                  OML/cmm/b/it --> OML/lmm/b/it on input line 27.
LaTeX Font Info:    Overwriting symbol font `symbols' in version `bold'
(Font)                  OMS/cmsy/b/n --> OMS/lmsy/b/n on input line 28.
LaTeX Font Info:    Overwriting symbol font `largesymbols' in version `bold'
(Font)                  OMX/cmex/m/n --> OMX/lmex/m/n on input line 29.
LaTeX Font Info:    Overwriting math alphabet `\mathbf' in version `normal'
(Font)                  OT1/cmr/bx/n --> OT1/lmr/bx/n on input line 31.
LaTeX Font Info:    Overwriting math alphabet `\mathsf' in version `normal'
(Font)                  OT1/cmss/m/n --> OT1/lmss/m/n on input line 32.
LaTeX Font Info:    Overwriting math alphabet `\mathit' in version `normal'
(Font)                  OT1/cmr/m/it --> OT1/lmr/m/it on input line 33.
LaTeX Font Info:    Overwriting math alphabet `\mathtt' in version `normal'
(Font)                  OT1/cmtt/m/n --> OT1/lmtt/m/n on input line 34.
LaTeX Font Info:    Overwriting math alphabet `\mathbf' in version `bold'
(Font)                  OT1/cmr/bx/n --> OT1/lmr/bx/n on input line 35.
LaTeX Font Info:    Overwriting math alphabet `\mathsf' in version `bold'
(Font)                  OT1/cmss/bx/n --> OT1/lmss/bx/n on input line 36.
LaTeX Font Info:    Overwriting math alphabet `\mathit' in version `bold'
(Font)                  OT1/cmr/bx/it --> OT1/lmr/bx/it on input line 37.
LaTeX Font Info:    Overwriting math alphabet `\mathtt' in version `bold'
(Font)                  OT1/cmtt/m/n --> OT1/lmtt/m/n on input line 38.
)
(/usr/local/texlive/2019/texmf-dist/tex/latex/hyperref/hyperref.sty
Package: hyperref 2018/11/30 v6.88e Hypertext links for LaTeX

(/usr/local/texlive/2019/texmf-dist/tex/generic/oberdiek/hobsub-hyperref.sty
Package: hobsub-hyperref 2016/05/16 v1.14 Bundle oberdiek, subset hyperref (HO)


(/usr/local/texlive/2019/texmf-dist/tex/generic/oberdiek/hobsub-generic.sty
Package: hobsub-generic 2016/05/16 v1.14 Bundle oberdiek, subset generic (HO)
Package: hobsub 2016/05/16 v1.14 Construct package bundles (HO)
Package hobsub Info: Skipping package `infwarerr' (already loaded).
Package hobsub Info: Skipping package `ltxcmds' (already loaded).
Package: ifluatex 2016/05/16 v1.4 Provides the ifluatex switch (HO)
Package ifluatex Info: LuaTeX not detected.
Package hobsub Info: Skipping package `ifvtex' (already loaded).
Package: intcalc 2016/05/16 v1.2 Expandable calculations with integers (HO)
Package hobsub Info: Skipping package `ifpdf' (already loaded).
Package: etexcmds 2016/05/16 v1.6 Avoid name clashes with e-TeX commands (HO)
Package: kvsetkeys 2016/05/16 v1.17 Key value parser (HO)
Package: kvdefinekeys 2016/05/16 v1.4 Define keys (HO)
Package: pdftexcmds 2018/09/10 v0.29 Utility functions of pdfTeX for LuaTeX (HO
)
Package pdftexcmds Info: LuaTeX not detected.
Package pdftexcmds Info: \pdf@primitive is available.
Package pdftexcmds Info: \pdf@ifprimitive is available.
Package pdftexcmds Info: \pdfdraftmode found.
Package: pdfescape 2016/05/16 v1.14 Implements pdfTeX's escape features (HO)
Package: bigintcalc 2016/05/16 v1.4 Expandable calculations on big integers (HO
)
Package: bitset 2016/05/16 v1.2 Handle bit-vector datatype (HO)
Package: uniquecounter 2016/05/16 v1.3 Provide unlimited unique counter (HO)
)
Package hobsub Info: Skipping package `hobsub' (already loaded).
Package: letltxmacro 2016/05/16 v1.5 Let assignment for LaTeX macros (HO)
Package: hopatch 2016/05/16 v1.3 Wrapper for package hooks (HO)
Package: xcolor-patch 2016/05/16 xcolor patch
Package: atveryend 2016/05/16 v1.9 Hooks at the very end of document (HO)
Package hobsub Info: Skipping package `atbegshi' (already loaded).
Package: refcount 2016/05/16 v3.5 Data extraction from label references (HO)
Package: hycolor 2016/05/16 v1.8 Color options for hyperref/bookmark (HO)
)
(/usr/local/texlive/2019/texmf-dist/tex/latex/oberdiek/auxhook.sty
Package: auxhook 2016/05/16 v1.4 Hooks for auxiliary files (HO)
)
(/usr/local/texlive/2019/texmf-dist/tex/latex/oberdiek/kvoptions.sty
Package: kvoptions 2016/05/16 v3.12 Key value format for package options (HO)
)
\@linkdim=\dimen184
\Hy@linkcounter=\count158
\Hy@pagecounter=\count159

(/usr/local/texlive/2019/texmf-dist/tex/latex/hyperref/pd1enc.def
File: pd1enc.def 2018/11/30 v6.88e Hyperref: PDFDocEncoding definition (HO)
Now handling font encoding PD1 ...
... no UTF-8 mapping file for font encoding PD1
)
\Hy@SavedSpaceFactor=\count160

(/usr/local/texlive/2019/texmf-dist/tex/latex/latexconfig/hyperref.cfg
File: hyperref.cfg 2002/06/06 v1.2 hyperref configuration of TeXLive
)
Package hyperref Info: Option `pdfdisplaydoctitle' set `true' on input line 439
3.
Package hyperref Info: Hyper figures OFF on input line 4519.
Package hyperref Info: Link nesting OFF on input line 4524.
Package hyperref Info: Hyper index ON on input line 4527.
Package hyperref Info: Plain pages OFF on input line 4534.
Package hyperref Info: Backreferencing OFF on input line 4539.
Package hyperref Info: Implicit mode ON; LaTeX internals redefined.
Package hyperref Info: Bookmarks ON on input line 4772.
\c@Hy@tempcnt=\count161

(/usr/local/texlive/2019/texmf-dist/tex/latex/url/url.sty
\Urlmuskip=\muskip10
Package: url 2013/09/16  ver 3.4  Verb mode for urls, etc.
)
LaTeX Info: Redefining \url on input line 5125.
\XeTeXLinkMargin=\dimen185
\Fld@menulength=\count162
\Field@Width=\dimen186
\Fld@charsize=\dimen187
Package hyperref Info: Hyper figures OFF on input line 6380.
Package hyperref Info: Link nesting OFF on input line 6385.
Package hyperref Info: Hyper index ON on input line 6388.
Package hyperref Info: backreferencing OFF on input line 6395.
Package hyperref Info: Link coloring OFF on input line 6400.
Package hyperref Info: Link coloring with OCG OFF on input line 6405.
Package hyperref Info: PDF/A mode OFF on input line 6410.
LaTeX Info: Redefining \ref on input line 6450.
LaTeX Info: Redefining \pageref on input line 6454.
\Hy@abspage=\count163
\c@Item=\count164
\c@Hfootnote=\count165
)
Package hyperref Info: Driver: hpdftex.

(/usr/local/texlive/2019/texmf-dist/tex/latex/hyperref/hpdftex.def
File: hpdftex.def 2018/11/30 v6.88e Hyperref driver for pdfTeX
\Fld@listcount=\count166
\c@bookmark@seq@number=\count167

(/usr/local/texlive/2019/texmf-dist/tex/latex/oberdiek/rerunfilecheck.sty
Package: rerunfilecheck 2016/05/16 v1.8 Rerun checks for auxiliary files (HO)
Package uniquecounter Info: New unique counter `rerunfilecheck' on input line 2
82.
)
\Hy@SectionHShift=\skip69
)
Package hyperref Info: Option `colorlinks' set `true' on input line 116.
Package hyperref Info: Option `linktocpage' set `true' on input line 116.
Package hyperref Info: Option `bookmarksnumbered' set `true' on input line 116.


(/usr/local/texlive/2019/texmf-dist/tex/latex/oberdiek/bookmark.sty
Package: bookmark 2016/05/17 v1.26 PDF bookmarks (HO)

(/usr/local/texlive/2019/texmf-dist/tex/latex/oberdiek/bkm-pdftex.def
File: bkm-pdftex.def 2016/05/17 v1.26 bookmark driver for pdfTeX (HO)
\BKM@id=\count168
))
(/usr/local/texlive/2019/texmf-dist/tex/latex/biblatex/biblatex.sty
Package: biblatex 2018/11/02 v3.12 programmable bibliographies (PK/MW)

(/usr/local/texlive/2019/texmf-dist/tex/latex/logreq/logreq.sty
Package: logreq 2010/08/04 v1.0 xml request logger
\lrq@indent=\count169

(/usr/local/texlive/2019/texmf-dist/tex/latex/logreq/logreq.def
File: logreq.def 2010/08/04 v1.0 logreq spec v1.0
))
\c@tabx@nest=\count170
\c@listtotal=\count171
\c@listcount=\count172
\c@liststart=\count173
\c@liststop=\count174
\c@citecount=\count175
\c@citetotal=\count176
\c@multicitecount=\count177
\c@multicitetotal=\count178
\c@instcount=\count179
\c@maxnames=\count180
\c@minnames=\count181
\c@maxitems=\count182
\c@minitems=\count183
\c@citecounter=\count184
\c@maxcitecounter=\count185
\c@savedcitecounter=\count186
\c@uniquelist=\count187
\c@uniquename=\count188
\c@refsection=\count189
\c@refsegment=\count190
\c@maxextratitle=\count191
\c@maxextratitleyear=\count192
\c@maxextraname=\count193
\c@maxextradate=\count194
\c@maxextraalpha=\count195
\c@abbrvpenalty=\count196
\c@highnamepenalty=\count197
\c@lownamepenalty=\count198
\c@maxparens=\count199
\c@parenlevel=\count266
\blx@tempcnta=\count267
\blx@tempcntb=\count268
\blx@tempcntc=\count269
\blx@maxsection=\count270
\blx@maxsegment@0=\count271
\blx@notetype=\count272
\blx@parenlevel@text=\count273
\blx@parenlevel@foot=\count274
\blx@sectionciteorder@0=\count275
\blx@entrysetcounter=\count276
\labelnumberwidth=\skip70
\labelalphawidth=\skip71
\biblabelsep=\skip72
\bibitemsep=\skip73
\bibnamesep=\skip74
\bibinitsep=\skip75
\bibparsep=\skip76
\bibhang=\skip77
\blx@bcfin=\read2
\blx@bcfout=\write4
\c@mincomprange=\count277
\c@maxcomprange=\count278
\c@mincompwidth=\count279
Package biblatex Info: Trying to load biblatex default data model...
Package biblatex Info: ... file 'blx-dm.def' found.

(/usr/local/texlive/2019/texmf-dist/tex/latex/biblatex/blx-dm.def
File: blx-dm.def 2018/11/02 v3.12 biblatex localization (PK/MW)
)
Package biblatex Info: Trying to load biblatex style data model...
Package biblatex Info: ... file 'numeric-comp.dbx' not found.
Package biblatex Info: Trying to load biblatex custom data model...
Package biblatex Info: ... file 'biblatex-dm.cfg' not found.
\c@afterword=\count280
\c@savedafterword=\count281
\c@annotator=\count282
\c@savedannotator=\count283
\c@author=\count284
\c@savedauthor=\count285
\c@bookauthor=\count286
\c@savedbookauthor=\count287
\c@commentator=\count288
\c@savedcommentator=\count289
\c@editor=\count290
\c@savededitor=\count291
\c@editora=\count292
\c@savededitora=\count293
\c@editorb=\count294
\c@savededitorb=\count295
\c@editorc=\count296
\c@savededitorc=\count297
\c@foreword=\count298
\c@savedforeword=\count299
\c@holder=\count300
\c@savedholder=\count301
\c@introduction=\count302
\c@savedintroduction=\count303
\c@namea=\count304
\c@savednamea=\count305
\c@nameb=\count306
\c@savednameb=\count307
\c@namec=\count308
\c@savednamec=\count309
\c@translator=\count310
\c@savedtranslator=\count311
\c@shortauthor=\count312
\c@savedshortauthor=\count313
\c@shorteditor=\count314
\c@savedshorteditor=\count315
\c@labelname=\count316
\c@savedlabelname=\count317
\c@institution=\count318
\c@savedinstitution=\count319
\c@lista=\count320
\c@savedlista=\count321
\c@listb=\count322
\c@savedlistb=\count323
\c@listc=\count324
\c@savedlistc=\count325
\c@listd=\count326
\c@savedlistd=\count327
\c@liste=\count328
\c@savedliste=\count329
\c@listf=\count330
\c@savedlistf=\count331
\c@location=\count332
\c@savedlocation=\count333
\c@organization=\count334
\c@savedorganization=\count335
\c@origlocation=\count336
\c@savedoriglocation=\count337
\c@origpublisher=\count338
\c@savedorigpublisher=\count339
\c@publisher=\count340
\c@savedpublisher=\count341
\c@language=\count342
\c@savedlanguage=\count343
\c@origlanguage=\count344
\c@savedoriglanguage=\count345
\c@pageref=\count346
\c@savedpageref=\count347
\shorthandwidth=\skip78
\shortjournalwidth=\skip79
\shortserieswidth=\skip80
\shorttitlewidth=\skip81
\shortauthorwidth=\skip82
\shorteditorwidth=\skip83
\locallabelnumberwidth=\skip84
\locallabelalphawidth=\skip85
\localshorthandwidth=\skip86
\localshortjournalwidth=\skip87
\localshortserieswidth=\skip88
\localshorttitlewidth=\skip89
\localshortauthorwidth=\skip90
\localshorteditorwidth=\skip91
Package biblatex Info: Trying to load compatibility code...
Package biblatex Info: ... file 'blx-compat.def' found.

(/usr/local/texlive/2019/texmf-dist/tex/latex/biblatex/blx-compat.def
File: blx-compat.def 2018/11/02 v3.12 biblatex compatibility (PK/MW)
)
Package biblatex Info: Trying to load generic definitions...
Package biblatex Info: ... file 'biblatex.def' found.

(/usr/local/texlive/2019/texmf-dist/tex/latex/biblatex/biblatex.def
File: biblatex.def 2018/11/02 v3.12 biblatex compatibility (PK/MW)
\c@textcitecount=\count348
\c@textcitetotal=\count349
\c@textcitemaxnames=\count350
\c@biburlnumpenalty=\count351
\c@biburlucpenalty=\count352
\c@biburllcpenalty=\count353
\c@smartand=\count354
)
Package biblatex Info: Trying to load bibliography style 'numeric-comp'...
Package biblatex Info: ... file 'numeric-comp.bbx' found.

(/usr/local/texlive/2019/texmf-dist/tex/latex/biblatex/bbx/numeric-comp.bbx
File: numeric-comp.bbx 2018/11/02 v3.12 biblatex bibliography style (PK/MW)
Package biblatex Info: Trying to load bibliography style 'numeric'...
Package biblatex Info: ... file 'numeric.bbx' found.

(/usr/local/texlive/2019/texmf-dist/tex/latex/biblatex/bbx/numeric.bbx
File: numeric.bbx 2018/11/02 v3.12 biblatex bibliography style (PK/MW)
Package biblatex Info: Trying to load bibliography style 'standard'...
Package biblatex Info: ... file 'standard.bbx' found.

(/usr/local/texlive/2019/texmf-dist/tex/latex/biblatex/bbx/standard.bbx
File: standard.bbx 2018/11/02 v3.12 biblatex bibliography style (PK/MW)
\c@bbx:relatedcount=\count355
\c@bbx:relatedtotal=\count356
)))
Package biblatex Info: Trying to load citation style 'numeric-comp'...
Package biblatex Info: ... file 'numeric-comp.cbx' found.

(/usr/local/texlive/2019/texmf-dist/tex/latex/biblatex/cbx/numeric-comp.cbx
File: numeric-comp.cbx 2018/11/02 v3.12 biblatex citation style (PK/MW)
\c@cbx@tempcnta=\count357
\c@cbx@tempcntb=\count358
Package biblatex Info: Redefining '\cite'.
Package biblatex Info: Redefining '\parencite'.
Package biblatex Info: Redefining '\footcite'.
Package biblatex Info: Redefining '\footcitetext'.
Package biblatex Info: Redefining '\smartcite'.
Package biblatex Info: Redefining '\supercite'.
Package biblatex Info: Redefining '\textcite'.
Package biblatex Info: Redefining '\textcites'.
Package biblatex Info: Redefining '\cites'.
Package biblatex Info: Redefining '\parencites'.
Package biblatex Info: Redefining '\smartcites'.
)
Package biblatex Info: Trying to load configuration file...
Package biblatex Info: ... file 'biblatex.cfg' found.

(/usr/local/texlive/2019/texmf-dist/tex/latex/biblatex/biblatex.cfg
File: biblatex.cfg 
))
(/usr/local/texlive/2019/texmf-dist/tex/latex/glossaries/base/glossaries.sty
Package: glossaries 2019/01/06 v4.42 (NLCT)

(/usr/local/texlive/2019/texmf-dist/tex/latex/mfirstuc/mfirstuc.sty
Package: mfirstuc 2017/11/14 v2.06 (NLCT)
\@glsmfirst=\toks45
\@glsmrest=\toks46
)
(/usr/local/texlive/2019/texmf-dist/tex/latex/textcase/textcase.sty
Package: textcase 2004/10/07 v0.07 Text only upper/lower case changing (DPC)
)
(/usr/local/texlive/2019/texmf-dist/tex/latex/xfor/xfor.sty
Package: xfor 2009/02/05 v1.05 (NLCT)
)
(/usr/local/texlive/2019/texmf-dist/tex/latex/datatool/datatool-base.sty
Package: datatool-base 2018/12/07 v2.31 (NLCT)

(/usr/local/texlive/2019/texmf-dist/tex/latex/amsmath/amsmath.sty
Package: amsmath 2018/12/01 v2.17b AMS math features
\@mathmargin=\skip92

For additional information on amsmath, use the `?' option.
(/usr/local/texlive/2019/texmf-dist/tex/latex/amsmath/amstext.sty
Package: amstext 2000/06/29 v2.01 AMS text

(/usr/local/texlive/2019/texmf-dist/tex/latex/amsmath/amsgen.sty
File: amsgen.sty 1999/11/30 v2.0 generic functions
\@emptytoks=\toks47
\ex@=\dimen188
))
(/usr/local/texlive/2019/texmf-dist/tex/latex/amsmath/amsbsy.sty
Package: amsbsy 1999/11/29 v1.2d Bold Symbols
\pmbraise@=\dimen189
)
(/usr/local/texlive/2019/texmf-dist/tex/latex/amsmath/amsopn.sty
Package: amsopn 2016/03/08 v2.02 operator names
)
\inf@bad=\count359
LaTeX Info: Redefining \frac on input line 223.
\uproot@=\count360
\leftroot@=\count361
LaTeX Info: Redefining \overline on input line 385.
\classnum@=\count362
\DOTSCASE@=\count363
LaTeX Info: Redefining \ldots on input line 482.
LaTeX Info: Redefining \dots on input line 485.
LaTeX Info: Redefining \cdots on input line 606.
\Mathstrutbox@=\box55
\strutbox@=\box56
\big@size=\dimen190
LaTeX Font Info:    Redeclaring font encoding OML on input line 729.
LaTeX Font Info:    Redeclaring font encoding OMS on input line 730.
\macc@depth=\count364
\c@MaxMatrixCols=\count365
\dotsspace@=\muskip11
\c@parentequation=\count366
\dspbrk@lvl=\count367
\tag@help=\toks48
\row@=\count368
\column@=\count369
\maxfields@=\count370
\andhelp@=\toks49
\eqnshift@=\dimen191
\alignsep@=\dimen192
\tagshift@=\dimen193
\tagwidth@=\dimen194
\totwidth@=\dimen195
\lineht@=\dimen196
\@envbody=\toks50
\multlinegap=\skip93
\multlinetaggap=\skip94
\mathdisplay@stack=\toks51
LaTeX Info: Redefining \[ on input line 2844.
LaTeX Info: Redefining \] on input line 2845.
)
(/usr/local/texlive/2019/texmf-dist/tex/latex/substr/substr.sty
Package: substr 2009/10/20 v1.2 Handle substrings
\c@su@anzahl=\count371
)
(/usr/local/texlive/2019/texmf-dist/tex/latex/datatool/datatool-fp.sty
Package: datatool-fp 2018/12/07 v2.31 (NLCT)

(/usr/local/texlive/2019/texmf-dist/tex/latex/fp/fp.sty
Package: fp 1995/04/02

`Fixed Point Package', Version 0.8, April 2, 1995 (C) Michael Mehlich
(/usr/local/texlive/2019/texmf-dist/tex/latex/fp/defpattern.sty
Package: defpattern 1994/10/12
\actioncount=\count372
)
(/usr/local/texlive/2019/texmf-dist/tex/latex/fp/fp-basic.sty
Package: fp-basic 1996/05/13
\FP@xs=\count373
\FP@xia=\count374
\FP@xib=\count375
\FP@xfa=\count376
\FP@xfb=\count377
\FP@rega=\count378
\FP@regb=\count379
\FP@regs=\count380
\FP@times=\count381
)
(/usr/local/texlive/2019/texmf-dist/tex/latex/fp/fp-addons.sty
Package: fp-addons 1995/03/15
)
(/usr/local/texlive/2019/texmf-dist/tex/latex/fp/fp-snap.sty
Package: fp-snap 1995/04/05
)
(/usr/local/texlive/2019/texmf-dist/tex/latex/fp/fp-exp.sty
Package: fp-exp 1995/04/03
)
(/usr/local/texlive/2019/texmf-dist/tex/latex/fp/fp-trigo.sty
Package: fp-trigo 1995/04/14
)
(/usr/local/texlive/2019/texmf-dist/tex/latex/fp/fp-pas.sty
Package: fp-pas 1994/08/29
)
(/usr/local/texlive/2019/texmf-dist/tex/latex/fp/fp-random.sty
Package: fp-random 1995/02/23
\FPseed=\count382
)
(/usr/local/texlive/2019/texmf-dist/tex/latex/fp/fp-eqn.sty
Package: fp-eqn 1995/04/03
)
(/usr/local/texlive/2019/texmf-dist/tex/latex/fp/fp-upn.sty
Package: fp-upn 1996/10/21
)
(/usr/local/texlive/2019/texmf-dist/tex/latex/fp/fp-eval.sty
Package: fp-eval 1995/04/03
)))
\@dtl@toks=\toks52
\@dtl@tmpcount=\count383
\dtl@tmplength=\skip95
\dtl@sortresult=\count384
\@dtl@numgrpsepcount=\count385
\@dtl@datatype=\count386
\dtl@codeA=\count387
\dtl@codeB=\count388
\@dtl@foreach@level=\count389
)
(/usr/local/texlive/2019/texmf-dist/tex/latex/glossaries/base/glossaries-compat
ible-307.sty
Package: glossaries-compatible-307 2019/01/06 v4.42 (NLCT)
)
(/usr/local/texlive/2019/texmf-dist/tex/latex/tracklang/tracklang.sty
Package: tracklang 2018/05/13 v1.3.6 (NLCT) Track Languages

(/usr/local/texlive/2019/texmf-dist/tex/generic/tracklang/tracklang.tex))
(/usr/local/texlive/2019/texmf-dist/tex/latex/translator/translator.sty
Package: translator 2018/01/04 v1.12 Easy translation of strings in LaTeX
)
(/usr/local/texlive/2019/texmf-dist/tex/latex/glossaries-german/glossaries-germ
an.ldf
File: glossaries-german.ldf 2014/11/23 v1.0
)
(/usr/local/texlive/2019/texmf-dist/tex/latex/glossaries-english/glossaries-eng
lish.ldf
File: glossaries-english.ldf 2014/11/23 v1.0
)
\gls@level=\count390
\@gls@tmpb=\toks53
\gls@tmplen=\skip96
\glskeylisttok=\toks54
\glslabeltok=\toks55
\glsshorttok=\toks56
\glslongtok=\toks57

(/usr/local/texlive/2019/texmf-dist/tex/latex/glossaries/styles/glossary-hypern
av.sty
Package: glossary-hypernav 2019/01/06 v4.42 (NLCT)
)
(/usr/local/texlive/2019/texmf-dist/tex/latex/glossaries/styles/glossary-list.s
ty
Package: glossary-list 2019/01/06 v4.42 (NLCT)
\glslistdottedwidth=\skip97
)
(/usr/local/texlive/2019/texmf-dist/tex/latex/glossaries/styles/glossary-long.s
ty
Package: glossary-long 2019/01/06 v4.42 (NLCT)
\glsdescwidth=\skip98
\glspagelistwidth=\skip99
)
(/usr/local/texlive/2019/texmf-dist/tex/latex/glossaries/styles/glossary-super.
sty
Package: glossary-super 2019/01/06 v4.42 (NLCT)
 (/usr/local/texlive/2019/texmf-dist/tex/latex/supertabular/supertabular.sty
Package: supertabular 2004/02/20 v4.1e the supertabular environment
\c@tracingst=\count391
\ST@wd=\dimen197
\ST@rightskip=\skip100
\ST@leftskip=\skip101
\ST@parfillskip=\skip102
\ST@pageleft=\dimen198
\ST@headht=\dimen199
\ST@tailht=\dimen256
\ST@pagesofar=\dimen257
\ST@pboxht=\dimen258
\ST@lineht=\dimen259
\ST@stretchht=\dimen260
\ST@prevht=\dimen261
\ST@toadd=\dimen262
\ST@dimen=\dimen263
\ST@pbox=\box57
))
(/usr/local/texlive/2019/texmf-dist/tex/latex/glossaries/styles/glossary-tree.s
ty
Package: glossary-tree 2019/01/06 v4.42 (NLCT)
\glstreeindent=\skip103
)) (/usr/local/texlive/2019/texmf-dist/tex/latex/listings/lstlang1.sty
File: lstlang1.sty 2019/02/27 1.8b listings language file
)
(/usr/local/texlive/2019/texmf-dist/tex/latex/listings/lstlang2.sty
File: lstlang2.sty 2019/02/27 1.8b listings language file
)
(/usr/local/texlive/2019/texmf-dist/tex/latex/listings/lstmisc.sty
File: lstmisc.sty 2019/02/27 1.8b (Carsten Heinz)
))
\glswrite=\write5
\glo@main@file=\write6
\openout6 = `dokumentation.glo'.

Package glossaries Info: Writing glossary file dokumentation.glo on input line 
16.

(./ads/glossary.tex)
Package csquotes Info: Checking for multilingual support...
Package csquotes Info: ... found 'babel' package.
Package biblatex Info: Trying to load language 'ngerman'...
Package biblatex Info: ... file 'ngerman.lbx' found.

(/usr/local/texlive/2019/texmf-dist/tex/latex/biblatex/lbx/ngerman.lbx
File: ngerman.lbx 2018/11/02 v3.12 biblatex localization (PK/MW)
Package biblatex Info: Trying to load language 'german'...
Package biblatex Info: ... file 'german.lbx' found.

(/usr/local/texlive/2019/texmf-dist/tex/latex/biblatex/lbx/german.lbx
File: german.lbx 2018/11/02 v3.12 biblatex localization (PK/MW)
)
Package biblatex Info: Trying to load language 'german'...
Package biblatex Info: ... file 'german.lbx' found.

(/usr/local/texlive/2019/texmf-dist/tex/latex/biblatex/lbx/german.lbx
File: german.lbx 2018/11/02 v3.12 biblatex localization (PK/MW)
))
Package biblatex Info: Trying to load language 'english'...
Package biblatex Info: ... file 'english.lbx' found.

(/usr/local/texlive/2019/texmf-dist/tex/latex/biblatex/lbx/english.lbx
File: english.lbx 2018/11/02 v3.12 biblatex localization (PK/MW)
)
(output/dokumentation.aux)
\openout1 = `dokumentation.aux'.

LaTeX Font Info:    Checking defaults for OML/cmm/m/it on input line 19.
LaTeX Font Info:    ... okay on input line 19.
LaTeX Font Info:    Checking defaults for T1/cmr/m/n on input line 19.
LaTeX Font Info:    ... okay on input line 19.
LaTeX Font Info:    Checking defaults for OT1/cmr/m/n on input line 19.
LaTeX Font Info:    ... okay on input line 19.
LaTeX Font Info:    Checking defaults for OMS/cmsy/m/n on input line 19.
LaTeX Font Info:    ... okay on input line 19.
LaTeX Font Info:    Checking defaults for OMX/cmex/m/n on input line 19.
LaTeX Font Info:    ... okay on input line 19.
LaTeX Font Info:    Checking defaults for U/cmr/m/n on input line 19.
LaTeX Font Info:    ... okay on input line 19.
LaTeX Font Info:    Checking defaults for PD1/pdf/m/n on input line 19.
LaTeX Font Info:    ... okay on input line 19.
LaTeX Font Info:    Try loading font information for T1+lmr on input line 19.

(/usr/local/texlive/2019/texmf-dist/tex/latex/lm/t1lmr.fd
File: t1lmr.fd 2009/10/30 v1.6 Font defs for Latin Modern
)
Package nag Info: pgf.sty is broken: disabling dollar check on input line 19.
Package nag Info: Command \frontmatter not defined, skipping amendment on input
 line 19.
Package nag Info: Command \mainmatter not defined, skipping amendment on input 
line 19.
Package nag Info: Command \backmatter not defined, skipping amendment on input 
line 19.
Package nag Info: Command \RaggedLeft not defined, skipping amendment on input 
line 19.
Package nag Info: Command \RaggedRight not defined, skipping amendment on input
 line 19.

*geometry* detected driver: pdftex
*geometry* verbose mode - [ preamble ] result:
* driver: pdftex
* paper: <default>
* layout: <same size as paper>
* layoutoffset:(h,v)=(0.0pt,0.0pt)
* modes: 
* h-part:(L,W,R)=(71.13188pt, 455.24417pt, 71.13188pt)
* v-part:(T,H,B)=(71.13188pt, 702.78317pt, 71.13188pt)
* \paperwidth=597.50793pt
* \paperheight=845.04694pt
* \textwidth=455.24417pt
* \textheight=702.78317pt
* \oddsidemargin=-1.1381pt
* \evensidemargin=-1.1381pt
* \topmargin=-34.8881pt
* \headheight=12.0pt
* \headsep=21.75pt
* \topskip=12.0pt
* \footskip=28.45274pt
* \marginparwidth=63.86063pt
* \marginparsep=12.8401pt
* \columnsep=10.0pt
* \skip\footins=10.8pt plus 4.0pt minus 2.0pt
* \hoffset=0.0pt
* \voffset=0.0pt
* \mag=1000
* \@twocolumnfalse
* \@twosidefalse
* \@mparswitchfalse
* \@reversemarginfalse
* (1in=72.27pt=25.4mm, 1cm=28.453pt)

LaTeX Info: Redefining \microtypecontext on input line 19.
Package microtype Info: Generating PDF output.
Package microtype Info: Character protrusion enabled (level 2).
Package microtype Info: Using default protrusion set `alltext'.
Package microtype Info: Automatic font expansion enabled (level 2),
(microtype)             stretch: 20, shrink: 20, step: 1, non-selected.
Package microtype Info: Using default expansion set `basictext'.
Package microtype Info: No adjustment of tracking.
Package microtype Info: No adjustment of interword spacing.
Package microtype Info: No adjustment of character kerning.
(/usr/local/texlive/2019/texmf-dist/tex/latex/microtype/mt-cmr.cfg
File: mt-cmr.cfg 2013/05/19 v2.2 microtype config. file: Computer Modern Roman 
(RS)
)
(/usr/local/texlive/2019/texmf-dist/tex/context/base/mkii/supp-pdf.mkii
[Loading MPS to PDF converter (version 2006.09.02).]
\scratchcounter=\count392
\scratchdimen=\dimen264
\scratchbox=\box58
\nofMPsegments=\count393
\nofMParguments=\count394
\everyMPshowfont=\toks58
\MPscratchCnt=\count395
\MPscratchDim=\dimen265
\MPnumerator=\count396
\makeMPintoPDFobject=\count397
\everyMPtoPDFconversion=\toks59
) (/usr/local/texlive/2019/texmf-dist/tex/latex/oberdiek/epstopdf-base.sty
Package: epstopdf-base 2016/05/15 v2.6 Base part for package epstopdf

(/usr/local/texlive/2019/texmf-dist/tex/latex/oberdiek/grfext.sty
Package: grfext 2016/05/16 v1.2 Manage graphics extensions (HO)
)
Package epstopdf-base Info: Redefining graphics rule for `.eps' on input line 4
38.
Package grfext Info: Graphics extension search list:
(grfext)             [.pdf,.png,.jpg,.mps,.jpeg,.jbig2,.jb2,.PDF,.PNG,.JPG,.JPE
G,.JBIG2,.JB2,.eps]
(grfext)             \AppendGraphicsExtensions on input line 456.

(/usr/local/texlive/2019/texmf-dist/tex/latex/latexconfig/epstopdf-sys.cfg
File: epstopdf-sys.cfg 2010/07/13 v1.3 Configuration of (r)epstopdf for TeX Liv
e
))
\AtBeginShipoutBox=\box59

(/usr/local/texlive/2019/texmf-dist/tex/latex/oberdiek/pdflscape.sty
Package: pdflscape 2016/05/14 v0.11 Display of landscape pages in PDF (HO)

(/usr/local/texlive/2019/texmf-dist/tex/latex/graphics/lscape.sty
Package: lscape 2000/10/22 v3.01 Landscape Pages (DPC)
))
ABD: EveryShipout initializing macros
\c@lstlisting=\count398
Package hyperref Info: Link coloring ON on input line 19.

(/usr/local/texlive/2019/texmf-dist/tex/latex/hyperref/nameref.sty
Package: nameref 2016/05/21 v2.44 Cross-referencing by name of section

(/usr/local/texlive/2019/texmf-dist/tex/generic/oberdiek/gettitlestring.sty
Package: gettitlestring 2016/05/16 v1.5 Cleanup title references (HO)
)
\c@section@level=\count399
)
LaTeX Info: Redefining \ref on input line 19.
LaTeX Info: Redefining \pageref on input line 19.
LaTeX Info: Redefining \nameref on input line 19.
Package biblatex Info: Input encoding 'utf8' detected.
Package biblatex Info: Data encoding 'utf8' specified.
(biblatex)             No need to reencode data.
\openout4 = `dokumentation.bcf'.

Package biblatex Info: Trying to load bibliographic data...
Package biblatex Info: ... file 'dokumentation.bbl' found.

(output/dokumentation.bbl)
Package biblatex Info: Reference section=0 on input line 19.
Package biblatex Info: Reference segment=0 on input line 19.
Package nag Info: Command \caption@xlabel not defined, skipping amendment on in
put line 19.
Package nag Info: Command \hc@caption not defined, skipping amendment on input 
line 19.
 (./ads/deckblatt.tex
<images/camos_Logo.jpg, id=31, 151.767pt x 96.36pt>
File: images/camos_Logo.jpg Graphic file (type jpg)
<use images/camos_Logo.jpg>
Package pdftex.def Info: images/camos_Logo.jpg  used on input line 5.
(pdftex.def)             Requested size: 151.76662pt x 96.35974pt.
<images/dhbw.png, id=32, 710.655pt x 299.1175pt>
File: images/dhbw.png Graphic file (type png)
<use images/dhbw.png>
Package pdftex.def Info: images/dhbw.png  used on input line 6.
(pdftex.def)             Requested size: 168.99919pt x 71.13188pt.

Overfull \hbox (15.35449pt too wide) in paragraph at lines 6--7
[]|[]| 
 []

[1

\openout5 = `dokumentation.ist'.



{/usr/local/texlive/2019/texmf-var/fonts/map/pdftex/updmap/pdftex.map} <./image
s/camos_Logo.jpg> <./images/dhbw.png>]) (./ads/sperrvermerk.tex
LaTeX Font Info:    Try loading font information for T1+lmss on input line 5.

(/usr/local/texlive/2019/texmf-dist/tex/latex/lm/t1lmss.fd
File: t1lmss.fd 2009/10/30 v1.6 Font defs for Latin Modern
)
Package microtype Info: Loading generic protrusion settings for font family
(microtype)             `lmss' (encoding: T1).
(microtype)             For optimal results, create family-specific settings.
(microtype)             See the microtype manual for details.
) [1]
(./ads/erklaerung.tex) [2] (./ads/abstract.tex
LaTeX Font Info:    Try loading font information for T1+lmtt on input line 37.

(/usr/local/texlive/2019/texmf-dist/tex/latex/lm/t1lmtt.fd
File: t1lmtt.fd 2009/10/30 v1.6 Font defs for Latin Modern
)
Package microtype Info: Loading generic protrusion settings for font family
(microtype)             `lmtt' (encoding: T1).
(microtype)             For optimal results, create family-specific settings.
(microtype)             See the microtype manual for details.
LaTeX Font Info:    Try loading font information for OT1+lmr on input line 37.

(/usr/local/texlive/2019/texmf-dist/tex/latex/lm/ot1lmr.fd
File: ot1lmr.fd 2009/10/30 v1.6 Font defs for Latin Modern
)
LaTeX Font Info:    Try loading font information for OML+lmm on input line 37.

(/usr/local/texlive/2019/texmf-dist/tex/latex/lm/omllmm.fd
File: omllmm.fd 2009/10/30 v1.6 Font defs for Latin Modern
)
LaTeX Font Info:    Try loading font information for OMS+lmsy on input line 37.


(/usr/local/texlive/2019/texmf-dist/tex/latex/lm/omslmsy.fd
File: omslmsy.fd 2009/10/30 v1.6 Font defs for Latin Modern
)
LaTeX Font Info:    Try loading font information for OMX+lmex on input line 37.


(/usr/local/texlive/2019/texmf-dist/tex/latex/lm/omxlmex.fd
File: omxlmex.fd 2009/10/30 v1.6 Font defs for Latin Modern
)
LaTeX Font Info:    External font `lmex10' loaded for size
(Font)              <12> on input line 37.
LaTeX Font Info:    External font `lmex10' loaded for size
(Font)              <8> on input line 37.
LaTeX Font Info:    External font `lmex10' loaded for size
(Font)              <6> on input line 37.

Overfull \hbox (14.37169pt too wide) in paragraph at lines 37--37
\T1/lmr/m/n/12 (-20) Abstract nor-ma-ler-wei-se auf Eng-lisch. Sie-he: [][]$\T1
/lmtt/m/n/12 http : / / www . dhbw . de / fileadmin / user / public /
 []


Overfull \hbox (34.43356pt too wide) in paragraph at lines 37--37
\T1/lmtt/m/n/12 Dokumente / Portal / Richtlinien _ Praxismodule _ Studien _ und
 _ Bachelorarbeiten _ JG2011ff .
 []

LaTeX Font Info:    Try loading font information for OMS+lmr on input line 37.
(/usr/local/texlive/2019/texmf-dist/tex/latex/lm/omslmr.fd
File: omslmr.fd 2009/10/30 v1.6 Font defs for Latin Modern
)
LaTeX Font Info:    Font shape `OMS/lmr/m/n' in size <12> not available
(Font)              Font shape `OMS/lmsy/m/n' tried instead on input line 37.

Overfull \hbox (46.0634pt too wide) in paragraph at lines 37--37
\T1/lmr/m/n/12 (-20) Quelle: [][]$\T1/lmtt/m/n/12 http : / / www . ib . dhbw-[]
mannheim . de / fileadmin / ms / bwl-[]ib / Downloads _ alt / Leitfaden _
 []

[3


])
Package tocbasic Info: character protrusion at toc deactivated on input line 58
.
 (output/dokumentation.toc
Overfull \hbox (3.22041pt too wide) detected at line 10
 [][][]\T1/lmss/bx/n/12 VIII[][]
 []

)
\tf@toc=\write7
\openout7 = `dokumentation.toc'.

 [4

] (./ads/acronyms.tex
chapter without number

Class scrreprt Warning: \float@addtolists detected!
(scrreprt)              Implementation of \float@addtolist became
(scrreprt)              deprecated in KOMA-Script v3.01 2008/11/14 and
(scrreprt)              has been replaced by several more flexible
(scrreprt)              features of package `tocbasic`.
(scrreprt)              Since Version 3.12 support for deprecated
(scrreprt)              \float@addtolist interface has been
(scrreprt)              restricted to only some of the KOMA-Script
(scrreprt)              features and been removed from others.
(scrreprt)              Loading of package `scrhack' may help to
(scrreprt)              avoid this warning, if you are using a
(scrreprt)              a package that still implements the
(scrreprt)              deprecated \float@addtolist interface .

) [5




]
Package tocbasic Info: character protrusion at lof deactivated on input line 70
.
 (output/dokumentation.lof)
\tf@lof=\write8
\openout8 = `dokumentation.lof'.

 [6



]
Package tocbasic Info: character protrusion at lot deactivated on input line 74
.
 (output/dokumentation.lot)
\tf@lot=\write9
\openout9 = `dokumentation.lot'.

 [7



]

Class scrreprt Warning: \float@listhead detected!
(scrreprt)              Implementation of \float@listhead became
(scrreprt)              deprecated in KOMA-Script v3.01 2008/11/14 and
(scrreprt)              has been replaced by several more flexible
(scrreprt)              features of package `tocbasic`.
(scrreprt)              Maybe implementation of \float@listhead will
(scrreprt)              be removed from KOMA-Script soon.
(scrreprt)              Loading of package `scrhack' may help to
(scrreprt)              avoid this warning, if you are using a
(scrreprt)              a package that still implements the
(scrreprt)              deprecated \float@listhead interface  on input line 78.


chapter without number
(output/dokumentation.lol)
\tf@lol=\write10
\openout10 = `dokumentation.lol'.

 [8



] (./content/01kapitel.tex
chapter 1.
Package acronym Info: Label `acro:AGPL' newly defined as it shall be overridden

although it is yet undefined on input line 5.
LaTeX Font Info:    External font `lmex10' loaded for size
(Font)              <10> on input line 12.
LaTeX Font Info:    External font `lmex10' loaded for size
(Font)              <7> on input line 12.
LaTeX Font Info:    External font `lmex10' loaded for size
(Font)              <5> on input line 12.
<images/logo.png, id=125, 100.375pt x 100.375pt>
File: images/logo.png Graphic file (type png)
<use images/logo.png>
Package pdftex.def Info: images/logo.png  used on input line 16.
(pdftex.def)             Requested size: 159.36113pt x 159.33823pt.
LaTeX Font Info:    External font `lmex10' loaded for size
(Font)              <10.95> on input line 18.
) (./content/02kapitel.texpdfTeX warning (ext4): destination with the same iden
tifier (name{page.1}) has been already used, duplicate ignored
<to be read again> 
                   \relax 
l.3 \chapter
            {Beispiel Code-schnipsel einbinden} [1



 <./images/logo.png>]
chapter 2.
[2

]) (./content/03kapitel.tex)
Overfull \vbox (7.89444pt too high) has occurred while \output is active []


[3]
chapter without number
Package microtype Info: Character `029' is missing
(microtype)             in font `T1/lmr/m/sc/12'.
(microtype)             Ignoring protrusion settings for this character.
(output/dokumentation.gls [4




]) [5


] (./ads/appendix.tex
chapter without number
[6


])
No complaints by nag.

Overfull \vbox (7.89444pt too high) has occurred while \output is active []


[7]
Package atveryend Info: Empty hook `BeforeClearDocument' on input line 110.
Package atveryend Info: Empty hook `AfterLastShipout' on input line 110.
 (output/dokumentation.aux)
Package atveryend Info: Executing hook `AtVeryEndDocument' on input line 110.
Package atveryend Info: Empty hook `AtEndAfterFileList' on input line 110.
Package logreq Info: Writing requests to 'dokumentation.run.xml'.
\openout1 = `dokumentation.run.xml'.

 ) 
Here is how much of TeX's memory you used:
 39020 strings out of 492616
 720795 string characters out of 6129481
 1474080 words of memory out of 5000000
 41931 multiletter control sequences out of 15000+600000
 96240 words of font info for 102 fonts, out of 8000000 for 9000
 1143 hyphenation exceptions out of 8191
 72i,10n,85p,9107b,2280s stack positions out of 5000i,500n,10000p,200000b,80000s
{/usr/local/texlive/2019/texmf-dist/fonts/enc/dvips/lm/lm-ec.enc}{/usr/local/
texlive/2019/texmf-dist/fonts/enc/dvips/lm/lm-mathsy.enc}</usr/local/texlive/20
19/texmf-dist/fonts/type1/public/lm/lmbx12.pfb></usr/local/texlive/2019/texmf-d
ist/fonts/type1/public/lm/lmcsc10.pfb></usr/local/texlive/2019/texmf-dist/fonts
/type1/public/lm/lmr10.pfb></usr/local/texlive/2019/texmf-dist/fonts/type1/publ
ic/lm/lmr12.pfb></usr/local/texlive/2019/texmf-dist/fonts/type1/public/lm/lmr17
.pfb></usr/local/texlive/2019/texmf-dist/fonts/type1/public/lm/lmr6.pfb></usr/l
ocal/texlive/2019/texmf-dist/fonts/type1/public/lm/lmr7.pfb></usr/local/texlive
/2019/texmf-dist/fonts/type1/public/lm/lmr8.pfb></usr/local/texlive/2019/texmf-
dist/fonts/type1/public/lm/lmri12.pfb></usr/local/texlive/2019/texmf-dist/fonts
/type1/public/lm/lmri8.pfb></usr/local/texlive/2019/texmf-dist/fonts/type1/publ
ic/lm/lmro12.pfb></usr/local/texlive/2019/texmf-dist/fonts/type1/public/lm/lmss
bx10.pfb></usr/local/texlive/2019/texmf-dist/fonts/type1/public/lm/lmsy10.pfb><
/usr/local/texlive/2019/texmf-dist/fonts/type1/public/lm/lmtt10.pfb></usr/local
/texlive/2019/texmf-dist/fonts/type1/public/lm/lmtt12.pfb>
Output written on output/dokumentation.pdf (16 pages, 447529 bytes).
PDF statistics:
 301 PDF objects out of 1000 (max. 8388607)
 243 compressed objects within 3 object streams
 62 named destinations out of 1000 (max. 500000)
 31956 words of extra memory for PDF output out of 35830 (max. 10000000)

